<?xml version="1.0" encoding="UTF-8"?>
<!-- Generated by org.testng.reporters.JUnitReportReporter -->
<testsuite hostname="GAVLMUMDT-046" failures="0" tests="1" name="io.gavl.SankalpWeb.VerifyTopProductAllFunctionality" time="7.087" errors="0" timestamp="2025-02-06T16:46:27 IST" skipped="0">
  <testcase classname="io.gavl.SankalpWeb.VerifyTopProductAllFunctionality" name="verifyUserAbleToSeeThisYearPeriodThroughAllselect" time="7.087"/>
  <system-out/>
</testsuite> <!-- io.gavl.SankalpWeb.VerifyTopProductAllFunctionality -->
