<?xml version="1.0" encoding="UTF-8"?>
<!-- Generated by org.testng.reporters.JUnitReportReporter -->
<testsuite hostname="GAVLMUMDT-046" failures="0" tests="1" name="io.gavl.SankalpWeb.VerifyLoginFuntionalityTest" time="4.294" errors="0" timestamp="2025-02-06T12:56:34 IST" skipped="0">
  <testcase classname="io.gavl.SankalpWeb.VerifyLoginFuntionalityTest" name="verifyuserAbleToLoginWithValidCredential" time="4.294"/>
  <system-out/>
</testsuite> <!-- io.gavl.SankalpWeb.VerifyLoginFuntionalityTest -->
