<?xml version="1.0" encoding="UTF-8"?>
<!-- Generated by org.testng.reporters.JUnitReportReporter -->
<testsuite hostname="GAVLMUMDT-046" failures="0" tests="1" name="io.gavl.SankalpWeb.VerifyTopProductTest" time="28.612" errors="0" timestamp="2025-02-07T08:37:21 IST" skipped="0">
  <testcase classname="io.gavl.SankalpWeb.VerifyTopProductTest" name="verifyUserAbleToDowonloadImageOfThisMonthPeriodAndScanTypeAsValue" time="28.612"/>
  <system-out/>
</testsuite> <!-- io.gavl.SankalpWeb.VerifyTopProductTest -->
