<?xml version="1.0" encoding="UTF-8"?>
<!-- Generated by org.testng.reporters.JUnitReportReporter -->
<testsuite hostname="GAVLMUMDT-046" failures="0" tests="1" name="io.gavl.SankalpWeb.VerifyCloseFunctionalityTest" time="23.075" errors="0" timestamp="2025-07-21T09:47:17 IST" skipped="0">
  <testcase classname="io.gavl.SankalpWeb.VerifyCloseFunctionalityTest" name="verifyUserAbleToCloseThefilter" time="23.075"/>
</testsuite> <!-- io.gavl.SankalpWeb.VerifyCloseFunctionalityTest -->
