<?xml version="1.0" encoding="UTF-8"?>
<!-- Generated by org.testng.reporters.JUnitReportReporter -->
<testsuite hostname="GAVLMUMDT-046" failures="0" tests="1" name="io.gavl.SankalpWeb.VerifyRegionDetailTest" time="33.984" errors="0" timestamp="2025-02-03T15:22:04 IST" skipped="0">
  <testcase classname="io.gavl.SankalpWeb.VerifyRegionDetailTest" name="verifyRegionDetailByName" time="33.984"/>
  <system-out/>
</testsuite> <!-- io.gavl.SankalpWeb.VerifyRegionDetailTest -->
