<?xml version="1.0" encoding="UTF-8"?>
<!-- Generated by org.testng.reporters.JUnitReportReporter -->
<testsuite hostname="GAVLMUMDT-046" failures="0" tests="1" name="io.gavl.SankalpWeb.verifyTopProduct" time="15.143" errors="0" timestamp="2025-01-24T16:53:26 IST" skipped="0">
  <testcase classname="io.gavl.SankalpWeb.verifyTopProduct" name="verifyUserAbleToDowonloadxlxsOfThisMonthPeriodAndScanTypeAsWeight" time="15.143"/>
  <system-out/>
</testsuite> <!-- io.gavl.SankalpWeb.verifyTopProduct -->
