<?xml version="1.0" encoding="UTF-8"?>
<!-- Generated by org.testng.reporters.JUnitReportReporter -->
<testsuite hostname="GAVLMUMDT-046" failures="0" tests="1" name="io.gavl.SankalpWeb.VerifyCustomDateFunctionality" time="22.918" errors="0" timestamp="2025-02-05T13:03:13 IST" skipped="0">
  <testcase classname="io.gavl.SankalpWeb.VerifyCustomDateFunctionality" name="verifyCustomDateFunctionalityWithResetButton" time="22.918"/>
  <system-out/>
</testsuite> <!-- io.gavl.SankalpWeb.VerifyCustomDateFunctionality -->
