<?xml version="1.0" encoding="UTF-8"?>
<!-- Generated by org.testng.reporters.JUnitReportReporter -->
<testsuite hostname="GAVLMUMDT-046" failures="0" tests="1" name="io.gavl.SankalpWeb.verifyResetFunctionality" time="12.787" errors="0" timestamp="2025-01-27T17:47:59 IST" skipped="0">
  <testcase classname="io.gavl.SankalpWeb.verifyResetFunctionality" name="verifyUseAbleToResetTheFilterCondition" time="12.787"/>
  <system-out/>
</testsuite> <!-- io.gavl.SankalpWeb.verifyResetFunctionality -->
