<?xml version="1.0" encoding="UTF-8"?>
<!-- Generated by org.testng.reporters.JUnitReportReporter -->
<testsuite hostname="GAVLMUMDT-046" failures="0" tests="1" name="io.gavl.SankalpWeb.VerifyCustomerTypeDetailTest" time="12.300" errors="0" timestamp="2025-01-28T19:02:51 IST" skipped="0">
  <testcase classname="io.gavl.SankalpWeb.VerifyCustomerTypeDetailTest" name="verifyCustomerTypeAsRetaier" time="12.300"/>
  <system-out/>
</testsuite> <!-- io.gavl.SankalpWeb.VerifyCustomerTypeDetailTest -->
