<?xml version="1.0" encoding="UTF-8"?>
<!-- Generated by org.testng.reporters.JUnitReportReporter -->
<testsuite hostname="GAVLMUMDT-046" failures="0" tests="1" name="io.gavl.SankalpWeb.verifyTopProductAllFunctionalityThroughScanType" time="6.287" errors="0" timestamp="2025-01-24T15:16:00 IST" skipped="0">
  <testcase classname="io.gavl.SankalpWeb.verifyTopProductAllFunctionalityThroughScanType" name="verifyTopProductPreviousYearAllFunctionalityThroughValueScanType" time="6.287"/>
  <system-out/>
</testsuite> <!-- io.gavl.SankalpWeb.verifyTopProductAllFunctionalityThroughScanType -->
