<?xml version="1.0" encoding="UTF-8"?>
<!-- Generated by org.testng.reporters.JUnitReportReporter -->
<testsuite hostname="GAVLMUMDT-046" failures="0" tests="1" name="io.gavl.SankalpWeb.VerifyFilterFunctionalityTest" time="25.768" errors="0" timestamp="2025-02-06T15:23:47 IST" skipped="0">
  <testcase classname="io.gavl.SankalpWeb.VerifyFilterFunctionalityTest" name="verifyUserAbleToFetchRetailerDetails" time="25.768"/>
  <system-out/>
</testsuite> <!-- io.gavl.SankalpWeb.VerifyFilterFunctionalityTest -->
