<?xml version="1.0" encoding="UTF-8"?>
<!-- Generated by org.testng.reporters.JUnitReportReporter -->
<testsuite hostname="GAVLMUMDT-046" failures="0" tests="1" name="io.gavl.SankalpWeb.VerifyTopProductTest" time="9.821" errors="0" timestamp="2025-01-28T14:39:12 IST" skipped="0">
  <testcase classname="io.gavl.SankalpWeb.VerifyTopProductTest" name="verifyUserAbleToDowonloadImageOfThisMonthPeriodAndScanTypeAsValue" time="9.821"/>
  <system-out/>
</testsuite> <!-- io.gavl.SankalpWeb.VerifyTopProductTest -->
