<?xml version="1.0" encoding="UTF-8"?>
<!-- Generated by org.testng.reporters.JUnitReportReporter -->
<testsuite hostname="GAVLMUMDT-046" failures="0" tests="1" name="io.gavl.SankalpWeb.VerifyScanTypeFunctionalityTest" time="19.856" errors="0" timestamp="2025-02-06T15:38:26 IST" skipped="0">
  <testcase classname="io.gavl.SankalpWeb.VerifyScanTypeFunctionalityTest" name="verifyUserAbleToSeeWeightScanType" time="19.856"/>
  <system-out/>
</testsuite> <!-- io.gavl.SankalpWeb.VerifyScanTypeFunctionalityTest -->
