<?xml version="1.0" encoding="UTF-8"?>
<!-- Generated by org.testng.reporters.JUnitReportReporter -->
<testsuite hostname="GAVLMUMDT-046" failures="0" tests="1" name="io.gavl.SankalpWeb.VerifyPeriodFunctionality" time="5.230" errors="0" timestamp="2025-01-23T15:22:52 IST" skipped="0">
  <testcase classname="io.gavl.SankalpWeb.VerifyPeriodFunctionality" name="verifyUserAbleToViewPeriodWithTodayOption" time="5.230"/>
  <system-out/>
</testsuite> <!-- io.gavl.SankalpWeb.VerifyPeriodFunctionality -->
