<?xml version="1.0" encoding="UTF-8"?>
<!-- Generated by org.testng.reporters.JUnitReportReporter -->
<testsuite hostname="GAVLMUMDT-046" failures="0" tests="1" name="io.gavl.SankalpWeb.VerifyCustomerTypeDetailTest" time="23.187" errors="0" timestamp="2025-02-06T14:07:25 IST" skipped="0">
  <testcase classname="io.gavl.SankalpWeb.VerifyCustomerTypeDetailTest" name="verifyCustomerTypeAsDistributor" time="23.187"/>
  <system-out/>
</testsuite> <!-- io.gavl.SankalpWeb.VerifyCustomerTypeDetailTest -->
