<?xml version="1.0" encoding="UTF-8"?>
<!-- Generated by org.testng.reporters.JUnitReportReporter -->
<testsuite hostname="GAVLMUMDT-046" failures="0" tests="1" name="io.gavl.SankalpWeb.VerifyTerritoryDetailTest" time="32.800" errors="0" timestamp="2025-02-04T16:49:04 IST" skipped="0">
  <testcase classname="io.gavl.SankalpWeb.VerifyTerritoryDetailTest" name="verifyTerritoryDetailByCode" time="32.800"/>
  <system-out/>
</testsuite> <!-- io.gavl.SankalpWeb.VerifyTerritoryDetailTest -->
