<?xml version="1.0" encoding="UTF-8"?>
<!-- Generated by org.testng.reporters.JUnitReportReporter -->
<testsuite hostname="GAVLMUMDT-046" failures="0" tests="1" name="io.gavl.SankalpWeb.verifyLoginFuntionality" time="0.929" errors="0" timestamp="2025-01-22T14:15:18 IST" skipped="0">
  <testcase classname="io.gavl.SankalpWeb.verifyLoginFuntionality" name="verifyuserAbleToLoginWithValidCredential" time="0.929"/>
  <system-out/>
</testsuite> <!-- io.gavl.SankalpWeb.verifyLoginFuntionality -->
