<?xml version="1.0" encoding="UTF-8"?>
<!-- Generated by org.testng.reporters.JUnitReportReporter -->
<testsuite hostname="GAVLMUMDT-046" failures="0" tests="1" name="io.gavl.SankalpWeb.verifyFilterFunctionality" time="12.239" errors="0" timestamp="2025-01-27T16:30:18 IST" skipped="0">
  <testcase classname="io.gavl.SankalpWeb.verifyFilterFunctionality" name="verifyUserAbleTofetchRetailerDetailsUsingCode" time="12.239"/>
  <system-out/>
</testsuite> <!-- io.gavl.SankalpWeb.verifyFilterFunctionality -->
