<?xml version="1.0" encoding="UTF-8"?>
<!-- Generated by org.testng.reporters.JUnitReportReporter -->
<testsuite hostname="GAVLMUMDT-046" failures="0" tests="1" name="io.gavl.SankalpWeb.VerifyRegionDetailTest" time="22.730" errors="0" timestamp="2025-02-05T10:43:10 IST" skipped="0">
  <testcase classname="io.gavl.SankalpWeb.VerifyRegionDetailTest" name="verifyRegionDetailByCode" time="22.730"/>
  <system-out/>
</testsuite> <!-- io.gavl.SankalpWeb.VerifyRegionDetailTest -->
