<?xml version="1.0" encoding="UTF-8"?>
<!-- Generated by org.testng.reporters.JUnitReportReporter -->
<testsuite hostname="GAVLMUMDT-046" failures="0" tests="1" name="io.gavl.SankalpWeb.VerifyScanFunctionality" time="30.864" errors="0" timestamp="2025-02-05T15:13:57 IST" skipped="0">
  <testcase classname="io.gavl.SankalpWeb.VerifyScanFunctionality" name="verifyScanFunctionalityWithPeriodAsPreviousYear" time="30.864"/>
  <system-out/>
</testsuite> <!-- io.gavl.SankalpWeb.VerifyScanFunctionality -->
