<?xml version="1.0" encoding="UTF-8"?>
<!-- Generated by org.testng.reporters.JUnitReportReporter -->
<testsuite hostname="GAVLMUMDT-046" failures="0" tests="1" name="io.gavl.SankalpWeb.verifyScanTypeFunctionality" time="3.983" errors="0" timestamp="2025-01-23T16:44:43 IST" skipped="0">
  <testcase classname="io.gavl.SankalpWeb.verifyScanTypeFunctionality" name="verifyUserAbleToSeeValueScanType" time="3.983"/>
  <system-out/>
</testsuite> <!-- io.gavl.SankalpWeb.verifyScanTypeFunctionality -->
