<?xml version="1.0" encoding="UTF-8"?>
<!-- Generated by org.testng.reporters.JUnitReportReporter -->
<testsuite hostname="GAVLMUMDT-046" failures="0" tests="1" name="io.gavl.SankalpWeb.VerifyRetailerDetailTest" time="45.230" errors="0" timestamp="2025-01-28T17:01:07 IST" skipped="0">
  <testcase classname="io.gavl.SankalpWeb.VerifyRetailerDetailTest" name="verifyUserAbleToFetchRetailerDetails" time="45.230"/>
  <system-out/>
</testsuite> <!-- io.gavl.SankalpWeb.VerifyRetailerDetailTest -->
