<?xml version="1.0" encoding="UTF-8"?>
<!-- Generated by org.testng.reporters.JUnitReportReporter -->
<testsuite hostname="GAVLMUMDT-046" failures="0" tests="1" name="io.gavl.SankalpWeb.verifyTopProductAllFunctionalityThroughScanType" time="4.111" errors="0" timestamp="2025-02-06T17:08:34 IST" skipped="0">
  <testcase classname="io.gavl.SankalpWeb.verifyTopProductAllFunctionalityThroughScanType" name="verifyTopProductPreviousYearAllFunctionalityThroughShipperScanType" time="4.111"/>
  <system-out/>
</testsuite> <!-- io.gavl.SankalpWeb.verifyTopProductAllFunctionalityThroughScanType -->
