<?xml version="1.0" encoding="UTF-8"?>
<!-- Generated by org.testng.reporters.JUnitReportReporter -->
<testsuite hostname="GAVLMUMDT-046" failures="0" tests="1" name="io.gavl.SankalpWeb.verifyCloseFunctonality" time="12.545" errors="0" timestamp="2025-01-27T16:39:56 IST" skipped="0">
  <testcase classname="io.gavl.SankalpWeb.verifyCloseFunctonality" name="verifyUserAbleToCloseThefilter" time="12.545"/>
  <system-out/>
</testsuite> <!-- io.gavl.SankalpWeb.verifyCloseFunctonality -->
