<?xml version="1.0" encoding="UTF-8"?>
<!-- Generated by org.testng.reporters.JUnitReportReporter -->
<testsuite hostname="GAVLMUMDT-046" failures="0" tests="1" name="io.gavl.SankalpWeb.VerifyRegionDetailTest" time="24.114" errors="0" timestamp="2025-01-28T18:39:13 IST" skipped="0">
  <testcase classname="io.gavl.SankalpWeb.VerifyRegionDetailTest" name="verifyRegionDetailByName" time="24.114"/>
  <system-out/>
</testsuite> <!-- io.gavl.SankalpWeb.VerifyRegionDetailTest -->
